<?xml version="1.0" encoding="UTF-8"?>
<testng-results ignored="0" total="4" passed="4" failed="0" skipped="0">
  <reporter-output>
  </reporter-output>
  <suite started-at="2022-10-08T18:07:30 IST" name="Default suite" finished-at="2022-10-08T18:08:31 IST" duration-ms="60707">
    <groups>
    </groups>
    <test started-at="2022-10-08T18:07:30 IST" name="Default test" finished-at="2022-10-08T18:08:31 IST" duration-ms="60707">
      <class name="com.orangHRM.qa.testCases.LoginPageTest">
        <test-method is-config="true" signature="setUp()[pri:0, instance:com.orangHRM.qa.testCases.LoginPageTest@3972a855]" started-at="2022-10-08T18:07:30 IST" name="setUp" finished-at="2022-10-08T18:07:56 IST" duration-ms="26299" status="PASS">
          <reporter-output>
          </reporter-output>
        </test-method> <!-- setUp -->
        <test-method signature="loginPageTitleTest()[pri:1, instance:com.orangHRM.qa.testCases.LoginPageTest@3972a855]" started-at="2022-10-08T18:07:56 IST" name="loginPageTitleTest" finished-at="2022-10-08T18:07:57 IST" duration-ms="16" status="PASS">
          <reporter-output>
          </reporter-output>
        </test-method> <!-- loginPageTitleTest -->
        <test-method signature="logoOrangeHRM()[pri:2, instance:com.orangHRM.qa.testCases.LoginPageTest@3972a855]" started-at="2022-10-08T18:07:57 IST" name="logoOrangeHRM" finished-at="2022-10-08T18:07:58 IST" duration-ms="1483" status="PASS">
          <reporter-output>
          </reporter-output>
        </test-method> <!-- logoOrangeHRM -->
        <test-method signature="loginWithInvalidCredentials()[pri:3, instance:com.orangHRM.qa.testCases.LoginPageTest@3972a855]" started-at="2022-10-08T18:07:58 IST" name="loginWithInvalidCredentials" finished-at="2022-10-08T18:08:03 IST" duration-ms="5477" status="PASS">
          <reporter-output>
          </reporter-output>
        </test-method> <!-- loginWithInvalidCredentials -->
        <test-method signature="setUp1()[pri:4, instance:com.orangHRM.qa.testCases.LoginPageTest@3972a855]" started-at="2022-10-08T18:08:03 IST" name="setUp1" finished-at="2022-10-08T18:08:31 IST" duration-ms="27292" status="PASS">
          <reporter-output>
          </reporter-output>
        </test-method> <!-- setUp1 -->
        <test-method is-config="true" signature="tearDown()[pri:0, instance:com.orangHRM.qa.testCases.LoginPageTest@3972a855]" started-at="2022-10-08T18:08:31 IST" name="tearDown" finished-at="2022-10-08T18:08:31 IST" duration-ms="107" status="PASS">
          <reporter-output>
          </reporter-output>
        </test-method> <!-- tearDown -->
      </class> <!-- com.orangHRM.qa.testCases.LoginPageTest -->
    </test> <!-- Default test -->
  </suite> <!-- Default suite -->
</testng-results>
