<?xml version="1.0" encoding="UTF-8"?>
<!-- Generated by org.testng.reporters.JUnitXMLReporter -->
<testsuite ignored="0" hostname="LAPTOP-DGPGCKC7" failures="0" tests="4" name="Default test" time="60.707" errors="0" timestamp="2022-10-08T18:08:31 IST">
  <testcase classname="com.orangHRM.qa.testCases.LoginPageTest" name="loginPageTitleTest" time="0.016"/>
  <testcase classname="com.orangHRM.qa.testCases.LoginPageTest" name="logoOrangeHRM" time="1.483"/>
  <testcase classname="com.orangHRM.qa.testCases.LoginPageTest" name="loginWithInvalidCredentials" time="5.477"/>
  <testcase classname="com.orangHRM.qa.testCases.LoginPageTest" name="setUp1" time="27.292"/>
</testsuite> <!-- Default test -->
