<?xml version="1.0" encoding="UTF-8"?>
<!-- Generated by org.testng.reporters.JUnitXMLReporter -->
<testsuite ignored="0" hostname="LAPTOP-DGPGCKC7" failures="0" tests="3" name="Test" time="15.364" errors="0" timestamp="2022-08-26T13:15:14 IST">
  <testcase classname="com.orangHRM.qa.testCases.LoginPageTest" name="loginPageTitleTest" time="0.021"/>
  <testcase classname="com.orangHRM.qa.testCases.LoginPageTest" name="logoOrangeHRM" time="1.932"/>
  <testcase classname="com.orangHRM.qa.testCases.LoginPageTest" name="loginPageTest" time="2.263"/>
</testsuite> <!-- Test -->
